Using selector: EpollSelector
Using selector: EpollSelector
Using selector: EpollSelector
Watching for file changes with StatReloader
Using selector: EpollSelector
Using selector: EpollSelector
Using selector: EpollSelector
Watching for file changes with StatReloader
/home/codio/workspace/movie-night/module4/movienight/movienight/settings.py changed, reloading.
Using selector: EpollSelector
Using selector: EpollSelector
Watching for file changes with StatReloader
Using selector: EpollSelector
Using selector: EpollSelector
Using selector: EpollSelector
Using selector: EpollSelector
/home/codio/workspace/movie-night/module4/movienight/movies/api/views.py changed, reloading.
Using selector: EpollSelector
Watching for file changes with StatReloader
/home/codio/workspace/movie-night/module4/movienight/movies/api/views.py changed, reloading.
Using selector: EpollSelector
Watching for file changes with StatReloader
/home/codio/workspace/movie-night/module4/movienight/movies/api/serializers.py changed, reloading.
Using selector: EpollSelector
Watching for file changes with StatReloader
Using selector: EpollSelector
Using selector: EpollSelector
Using selector: EpollSelector
Using selector: EpollSelector
Using selector: EpollSelector
Using selector: EpollSelector
Using selector: EpollSelector
Using selector: EpollSelector
Using selector: EpollSelector
Using selector: EpollSelector
Using selector: EpollSelector
Using selector: EpollSelector
Using selector: EpollSelector
Using selector: EpollSelector
Watching for file changes with StatReloader
Using selector: EpollSelector
Using selector: EpollSelector
Using selector: EpollSelector
Using selector: EpollSelector
Watching for file changes with StatReloader
Using selector: EpollSelector
/home/codio/workspace/movie-night/module4/movienight/movienight/settings.py changed, reloading.
Using selector: EpollSelector
Watching for file changes with StatReloader
Using selector: EpollSelector
Using selector: EpollSelector
Using selector: EpollSelector
Using selector: EpollSelector
Watching for file changes with StatReloader
Using selector: EpollSelector
Using selector: EpollSelector
Using selector: EpollSelector
Using selector: EpollSelector
Using selector: EpollSelector
Using selector: EpollSelector
